#
# There is insufficient memory for the Java Runtime Environment to continue.
# Native memory allocation (mmap) failed to map 268435456 bytes for Failed to commit area from 0x0000000701a00000 to 0x0000000711a00000 of length 268435456.
# Possible reasons:
#   The system is out of physical RAM or swap space
#   The process is running with CompressedOops enabled, and the Java Heap may be blocking the growth of the native heap
# Possible solutions:
#   Reduce memory load on the system
#   Increase physical memory or swap space
#   Check if swap backing store is full
#   Decrease Java heap size (-Xmx/-Xms)
#   Decrease number of Java threads
#   Decrease Java thread stack sizes (-Xss)
#   Set larger code cache with -XX:ReservedCodeCacheSize=
# This output file may be truncated or incomplete.
#
#  Out of Memory Error (./src/hotspot/os/windows/os_windows.cpp:3619), pid=7948, tid=20660
#
# JRE version:  (11.0.13+7) (build )
# Java VM: OpenJDK 64-Bit Server VM (11.0.13+7-b1751.19, mixed mode, sharing, tiered, compressed oops, g1 gc, windows-amd64)
# No core dump will be written. Minidumps are not enabled by default on client versions of Windows
#

---------------  S U M M A R Y ------------

Command Line: git4idea.nativessh.GitNativeSshAskPassApp Enter passphrase for key '/c/Users/Дом/.ssh/id_ed25519': 

Host: Intel(R) Core(TM) i7-3740QM CPU @ 2.70GHz, 8 cores, 15G,  Windows 10 , 64 bit Build 19041 (10.0.19041.1889)
Time: Sun Oct  2 10:23:14 2022 RTZ 2 (зима) elapsed time: 0.015449 seconds (0d 0h 0m 0s)

---------------  T H R E A D  ---------------

Current thread (0x0000026fced4e800):  JavaThread "Unknown thread" [_thread_in_vm, id=20660, stack(0x000000c3ce800000,0x000000c3ce900000)]

Stack: [0x000000c3ce800000,0x000000c3ce900000]
Native frames: (J=compiled Java code, j=interpreted, Vv=VM code, C=native code)
V  [jvm.dll+0x613ada]
V  [jvm.dll+0x799a80]
V  [jvm.dll+0x79b09d]
V  [jvm.dll+0x79b773]
V  [jvm.dll+0x24c4c8]
V  [jvm.dll+0x610b64]
V  [jvm.dll+0x605855]
V  [jvm.dll+0x30aaeb]
V  [jvm.dll+0x30aa5a]
V  [jvm.dll+0x30a932]
V  [jvm.dll+0x30f896]
V  [jvm.dll+0x359293]
V  [jvm.dll+0x359996]
V  [jvm.dll+0x359393]
V  [jvm.dll+0x2e5308]
V  [jvm.dll+0x2e64b7]
V  [jvm.dll+0x7769c7]
V  [jvm.dll+0x7781bc]
V  [jvm.dll+0x366829]
V  [jvm.dll+0x75a52e]
V  [jvm.dll+0x3d4923]
V  [jvm.dll+0x3d6e91]
C  [jli.dll+0x536b]
C  [ucrtbase.dll+0x21bb2]
C  [KERNEL32.DLL+0x17034]
C  [ntdll.dll+0x526a1]


---------------  P R O C E S S  ---------------

Threads class SMR info:
_java_thread_list=0x0000026fccb62750, length=0, elements={
}

Java Threads: ( => current thread )

Other Threads:
  0x0000026fced68800 GCTaskThread "GC Thread#0" [stack: 0x000000c3ce900000,0x000000c3cea00000] [id=1236]
  0x0000026fcedc5000 ConcurrentGCThread "G1 Main Marker" [stack: 0x000000c3cea00000,0x000000c3ceb00000] [id=11968]
  0x0000026fcedc6800 ConcurrentGCThread "G1 Conc#0" [stack: 0x000000c3ceb00000,0x000000c3cec00000] [id=25172]

[error occurred during error reporting (printing all threads), id 0xc0000005, EXCEPTION_ACCESS_VIOLATION (0xc0000005) at pc=0x00007ffa06325b77]

VM state:not at safepoint (not fully initialized)

VM Mutex/Monitor currently owned by a thread:  ([mutex/lock_event])
[0x0000026fced4a560] Heap_lock - owner thread: 0x0000026fced4e800

Heap address: 0x0000000701a00000, size: 4070 MB, Compressed Oops mode: Non-zero based: 0x0000000701a00000
Narrow klass base: 0x0000000000000000, Narrow klass shift: 0

GC Heap History (0 events):
No events

Deoptimization events (0 events):
No events

Classes redefined (0 events):
No events

Internal exceptions (0 events):
No events

Events (1 events):
Event: 0.008 Loaded shared library C:\Program Files\JetBrains\WebStorm 2021.3\jbr\bin\zip.dll


Dynamic libraries:
0x00007ff6e2a80000 - 0x00007ff6e2a8a000 	C:\Program Files\JetBrains\WebStorm 2021.3\jbr\bin\java.exe
0x00007ffa57010000 - 0x00007ffa57208000 	C:\WINDOWS\SYSTEM32\ntdll.dll
0x00007ffa56130000 - 0x00007ffa561ed000 	C:\WINDOWS\System32\KERNEL32.DLL
0x00007ffa54c90000 - 0x00007ffa54f5e000 	C:\WINDOWS\System32\KERNELBASE.dll
0x00007ffa547d0000 - 0x00007ffa548d0000 	C:\WINDOWS\System32\ucrtbase.dll
0x00007ffa47200000 - 0x00007ffa47219000 	C:\Program Files\JetBrains\WebStorm 2021.3\jbr\bin\jli.dll
0x00007ffa56ad0000 - 0x00007ffa56c70000 	C:\WINDOWS\System32\USER32.dll
0x00007ffa44520000 - 0x00007ffa447ba000 	C:\WINDOWS\WinSxS\amd64_microsoft.windows.common-controls_6595b64144ccf1df_6.0.19041.1110_none_60b5254171f9507e\COMCTL32.dll
0x00007ffa4c810000 - 0x00007ffa4c827000 	C:\Program Files\JetBrains\WebStorm 2021.3\jbr\bin\VCRUNTIME140.dll
0x00007ffa54ad0000 - 0x00007ffa54af2000 	C:\WINDOWS\System32\win32u.dll
0x00007ffa55f70000 - 0x00007ffa5600e000 	C:\WINDOWS\System32\msvcrt.dll
0x00007ffa55700000 - 0x00007ffa5572a000 	C:\WINDOWS\System32\GDI32.dll
0x00007ffa54f60000 - 0x00007ffa5506b000 	C:\WINDOWS\System32\gdi32full.dll
0x00007ffa54730000 - 0x00007ffa547cd000 	C:\WINDOWS\System32\msvcp_win.dll
0x00007ffa55500000 - 0x00007ffa55530000 	C:\WINDOWS\System32\IMM32.DLL
0x00007ffa112e0000 - 0x00007ffa1137d000 	C:\Program Files\JetBrains\WebStorm 2021.3\jbr\bin\msvcp140.dll
0x00007ffa06030000 - 0x00007ffa06ba6000 	C:\Program Files\JetBrains\WebStorm 2021.3\jbr\bin\server\jvm.dll
0x00007ffa56010000 - 0x00007ffa560be000 	C:\WINDOWS\System32\ADVAPI32.dll
0x00007ffa555f0000 - 0x00007ffa5568c000 	C:\WINDOWS\System32\sechost.dll
0x00007ffa569a0000 - 0x00007ffa56ac5000 	C:\WINDOWS\System32\RPCRT4.dll
0x00007ffa56120000 - 0x00007ffa56128000 	C:\WINDOWS\System32\PSAPI.DLL
0x00007ffa33d40000 - 0x00007ffa33d49000 	C:\WINDOWS\SYSTEM32\WSOCK32.dll
0x00007ffa4d470000 - 0x00007ffa4d47a000 	C:\WINDOWS\SYSTEM32\VERSION.dll
0x00007ffa55a90000 - 0x00007ffa55afb000 	C:\WINDOWS\System32\WS2_32.dll
0x00007ffa53270000 - 0x00007ffa53297000 	C:\WINDOWS\SYSTEM32\WINMM.dll
0x00007ffa52160000 - 0x00007ffa52172000 	C:\WINDOWS\SYSTEM32\kernel.appcore.dll
0x00007ffa47220000 - 0x00007ffa47231000 	C:\Program Files\JetBrains\WebStorm 2021.3\jbr\bin\verify.dll
0x00007ffa51910000 - 0x00007ffa51af4000 	C:\WINDOWS\SYSTEM32\DBGHELP.DLL
0x00007ffa2c870000 - 0x00007ffa2c89c000 	C:\WINDOWS\SYSTEM32\dbgcore.DLL
0x00007ffa54920000 - 0x00007ffa549a2000 	C:\WINDOWS\System32\bcryptPrimitives.dll
0x00007ffa3faa0000 - 0x00007ffa3fac9000 	C:\Program Files\JetBrains\WebStorm 2021.3\jbr\bin\java.dll
0x00007ffa510c0000 - 0x00007ffa510cb000 	C:\Program Files\JetBrains\WebStorm 2021.3\jbr\bin\jimage.dll
0x00007ffa3f950000 - 0x00007ffa3f968000 	C:\Program Files\JetBrains\WebStorm 2021.3\jbr\bin\zip.dll

dbghelp: loaded successfully - version: 4.0.5 - missing functions: none
symbol engine: initialized successfully - sym options: 0x614 - pdb path: .;C:\Program Files\JetBrains\WebStorm 2021.3\jbr\bin;C:\WINDOWS\SYSTEM32;C:\WINDOWS\WinSxS\amd64_microsoft.windows.common-controls_6595b64144ccf1df_6.0.19041.1110_none_60b5254171f9507e;C:\Program Files\JetBrains\WebStorm 2021.3\jbr\bin\server

VM Arguments:
java_command: git4idea.nativessh.GitNativeSshAskPassApp Enter passphrase for key '/c/Users/Дом/.ssh/id_ed25519': 
java_class_path (initial): C:/Program Files/JetBrains/WebStorm 2021.3/plugins/git4idea/lib/git4idea-rt.jar;C:/Program Files/JetBrains/WebStorm 2021.3/lib/3rd-party.jar;C:/Program Files/JetBrains/WebStorm 2021.3/lib/3rd-party-rt.jar
Launcher Type: SUN_STANDARD

[Global flags]
     intx CICompilerCount                          = 4                                         {product} {ergonomic}
     uint ConcGCThreads                            = 2                                         {product} {ergonomic}
     uint G1ConcRefinementThreads                  = 8                                         {product} {ergonomic}
   size_t G1HeapRegionSize                         = 1048576                                   {product} {ergonomic}
    uintx GCDrainStackTargetSize                   = 64                                        {product} {ergonomic}
   size_t InitialHeapSize                          = 268435456                                 {product} {ergonomic}
   size_t MarkStackSize                            = 4194304                                   {product} {ergonomic}
   size_t MaxHeapSize                              = 4267704320                                {product} {ergonomic}
   size_t MinHeapDeltaBytes                        = 1048576                                   {product} {ergonomic}
    uintx NonNMethodCodeHeapSize                   = 5836300                                {pd product} {ergonomic}
    uintx NonProfiledCodeHeapSize                  = 122910970                              {pd product} {ergonomic}
    uintx ProfiledCodeHeapSize                     = 122910970                              {pd product} {ergonomic}
    uintx ReservedCodeCacheSize                    = 251658240                              {pd product} {ergonomic}
     bool SegmentedCodeCache                       = true                                      {product} {ergonomic}
     bool UseCompressedClassPointers               = true                                 {lp64_product} {ergonomic}
     bool UseCompressedOops                        = true                                 {lp64_product} {ergonomic}
     bool UseG1GC                                  = true                                      {product} {ergonomic}
     bool UseLargePagesIndividualAllocation        = false                                  {pd product} {ergonomic}

Logging:
Log output configuration:
 #0: stdout all=warning uptime,level,tags
 #1: stderr all=off uptime,level,tags

Environment Variables:
JAVA_HOME=C:\Program Files\Java\jdk-13.0.1
PATH=C:\Program Files\Git\mingw64\libexec\git-core;C:\Program Files\Git\mingw64\bin;C:\Program Files\Git\usr\bin;C:\Users\Дом\bin;C:\Python310\Scripts;C:\Python310;C:\Program Files (x86)\VMware\VMware Player\bin;C:\ProgramData\Anaconda3;C:\ProgramData\Anaconda3\Library\mingw-w64\bin;C:\ProgramData\Anaconda3\Library\usr\bin;C:\ProgramData\Anaconda3\Library\bin;C:\ProgramData\Anaconda3\Scripts;C:\Program Files (x86)\Intel\iCLS Client;C:\Program Files\Intel\iCLS Client;C:\Program Files\Java\jdk-13.0.1\bin;C:\Program Files (x86)\Common Files\Intel\Shared Files\cpp\bin\Intel64;C:\WINDOWS\system32;C:\WINDOWS;C:\WINDOWS\System32\Wbem;C:\WINDOWS\System32\WindowsPowerShell\v1.0;C:\Program Files\PuTTY;C:\WINDOWS\System32\OpenSSH;C:\Program Files\Java\jdk-13.0.1;C:\Program Files (x86)\Common Files\Oracle\Java\javapath;C:\Program Files\Git\cmd;C:\Program Files (x86)\NVIDIA Corporation\PhysX\Common;C:\Program Files\Intel\Intel(R) Management Engine Components\DAL;C:\Program Files\Intel\Intel(R) Management Engine Components\IPT;C:\Program Files (x86)\Intel\Intel(R) Management Engine Components\DAL;C:\Program Files (x86)\Intel\Intel(R) Management Engine Components\IPT;C:\Program Files\Hewlett-Packard\SimplePass;C:\WINDOWS\system32;C:\WINDOWS;C:\WINDOWS\System32\Wbem;C:\WINDOWS\System32\WindowsPowerShell\v1.0;C:\WINDOWS\System32\OpenSSH;C:\Program Files (x86)\Common Files\Acronis\SnapAPI;C:\ProgramData\chocolatey\bin;C:\Program Files\Microsoft SQL Server\Client SDK\ODBC\170\Tools\Binn;C:\Program Files (x86)\Microsoft SQL Server\150\Tools\Binn;C:\Program Files\Microsoft SQL Server\150\Tools\Binn;C:\Program Files\Microsoft SQL Server\150\DTS\Binn;C:\Program Files (x86)\Microsoft SQL Server\150\DTS\Binn;C:\Program Files\Azure Data Studio\bin;C:\Program Files\nodejs;C:\Users\Дом\AppData\Local\Microsoft\WindowsApps;C:\Program Files\JetBrains\IntelliJ IDEA Community Edition 2019.3\bin;C:\Program Files\Java\jdk-13.0.1;C:\Program Files\JetBrains\PyCharm Community Edition 2020.3.5\bin;C:\Users\
USERNAME=Дом
DISPLAY=:0.0
LC_ALL=en_US.UTF-8
OS=Windows_NT
PROCESSOR_IDENTIFIER=Intel64 Family 6 Model 58 Stepping 9, GenuineIntel



---------------  S Y S T E M  ---------------

OS: Windows 10 , 64 bit Build 19041 (10.0.19041.1889)
OS uptime: 14 days 21:46 hours

CPU:total 8 (initial active 8) (4 cores per cpu, 2 threads per core) family 6 model 58 stepping 9 microcode 0x21, cmov, cx8, fxsr, mmx, sse, sse2, sse3, ssse3, sse4.1, sse4.2, popcnt, avx, aes, clmul, erms, ht, tsc, tscinvbit, tscinv

Memory: 4k page, system-wide physical 16279M (361M free)
TotalPageFile size 36279M (AvailPageFile size 141M)
current process WorkingSet (physical memory assigned to process): 10M, peak: 10M
current process commit charge ("private bytes"): 60M, peak: 316M

vm_info: OpenJDK 64-Bit Server VM (11.0.13+7-b1751.19) for windows-amd64 JRE (11.0.13+7-b1751.19), built on Nov  9 2021 11:31:28 by "" with MS VC++ 14.0 (VS2015)

END.
